[0m21:01:30.924687 [debug] [MainThread]: Sending event: {'category': 'dbt', 'action': 'invocation', 'label': 'start', 'context': [<snowplow_tracker.self_describing_json.SelfDescribingJson object at 0x0000023ABC5CF8C0>, <snowplow_tracker.self_describing_json.SelfDescribingJson object at 0x0000023AB91A6E90>, <snowplow_tracker.self_describing_json.SelfDescribingJson object at 0x0000023ABE847B10>]}


============================== 21:01:30.928643 | b24ab633-29ca-4bc2-b7d4-156e2c0a5836 ==============================
[0m21:01:30.928643 [info ] [MainThread]: Running with dbt=1.11.9
[0m21:01:30.929206 [debug] [MainThread]: running dbt with arguments {'partial_parse': 'True', 'warn_error_options': 'WarnErrorOptionsV2(error=[], warn=[], silence=[])', 'send_anonymous_usage_stats': 'True', 'use_colors': 'True', 'cache_selected_only': 'False', 'target_path': 'None', 'warn_error': 'None', 'invocation_command': 'dbt init dbt_project', 'log_format': 'default', 'version_check': 'True', 'introspect': 'True', 'debug': 'False', 'printer_width': '80', 'fail_fast': 'False', 'no_print': 'None', 'use_experimental_parser': 'False', 'empty': 'None', 'log_cache_events': 'False', 'quiet': 'False', 'indirect_selection': 'eager', 'log_path': 'logs', 'write_json': 'True', 'static_parser': 'True', 'profiles_dir': 'C:\\Users\\yuliy\\.dbt'}
[0m21:01:30.954758 [info ] [MainThread]: Creating dbt configuration folder at C:\Users\yuliy\.dbt
[0m21:01:30.956777 [debug] [MainThread]: Starter project path: C:\Users\yuliy\AppData\Local\Programs\Python\Python313\Lib\site-packages\dbt\include\starter_project
[0m21:01:30.983539 [info ] [MainThread]: 
Your new dbt project "dbt_project" was created!

For more information on how to configure the profiles.yml file,
please consult the dbt documentation here:

  https://docs.getdbt.com/docs/configure-your-profile

One more thing:

Need help? Don't hesitate to reach out to us via GitHub issues or on Slack:

  https://community.getdbt.com/

Happy modeling!

[0m21:01:30.984262 [info ] [MainThread]: Setting up your profile.
[0m21:05:19.651490 [info ] [MainThread]: Profile dbt_project written to C:\Users\yuliy\.dbt\profiles.yml using target's profile_template.yml and your supplied values. Run 'dbt debug' to validate the connection.
[0m21:05:19.654585 [debug] [MainThread]: Command `dbt init` succeeded at 21:05:19.654292 after 228.91 seconds
[0m21:05:19.655454 [debug] [MainThread]: Sending event: {'category': 'dbt', 'action': 'invocation', 'label': 'end', 'context': [<snowplow_tracker.self_describing_json.SelfDescribingJson object at 0x0000023ACFCEB950>, <snowplow_tracker.self_describing_json.SelfDescribingJson object at 0x0000023ABD73E0F0>, <snowplow_tracker.self_describing_json.SelfDescribingJson object at 0x0000023ACFD20D10>]}
[0m21:05:19.656380 [debug] [MainThread]: Flushing usage events
[0m21:05:20.452466 [debug] [MainThread]: An error was encountered while trying to flush usage events
[0m14:49:04.551207 [debug] [MainThread]: Sending event: {'category': 'dbt', 'action': 'invocation', 'label': 'start', 'context': [<snowplow_tracker.self_describing_json.SelfDescribingJson object at 0x000002A0AD831D30>, <snowplow_tracker.self_describing_json.SelfDescribingJson object at 0x000002A0AA526E90>, <snowplow_tracker.self_describing_json.SelfDescribingJson object at 0x000002A0AFBF3ED0>]}


============================== 14:49:04.562686 | 4f0d95c7-1674-4ad5-8a44-da7989389077 ==============================
[0m14:49:04.562686 [info ] [MainThread]: Running with dbt=1.11.9
[0m14:49:04.564446 [debug] [MainThread]: running dbt with arguments {'version_check': 'True', 'no_print': 'None', 'static_parser': 'True', 'warn_error_options': 'WarnErrorOptionsV2(error=[], warn=[], silence=[])', 'target_path': 'None', 'printer_width': '80', 'write_json': 'True', 'empty': 'False', 'log_cache_events': 'False', 'introspect': 'True', 'cache_selected_only': 'False', 'fail_fast': 'False', 'debug': 'False', 'log_format': 'default', 'profiles_dir': 'C:\\Users\\yuliy\\.dbt', 'send_anonymous_usage_stats': 'True', 'quiet': 'False', 'warn_error': 'None', 'partial_parse': 'True', 'indirect_selection': 'eager', 'use_colors': 'True', 'invocation_command': 'dbt run --select mart_observations', 'use_experimental_parser': 'False', 'log_path': 'logs'}
[0m14:49:04.565988 [error] [MainThread]: Encountered an error:
Runtime Error
  No dbt_project.yml found at expected path C:\Users\yuliy\Documents\GitHub_Repositories\ipma-weather-pipeline\dbt_project.yml
  Verify that each entry within packages.yml (and their transitive dependencies) contains a file named dbt_project.yml
  
[0m14:49:04.568123 [debug] [MainThread]: Command `dbt run` failed at 14:49:04.567812 after 0.53 seconds
[0m14:49:04.569167 [debug] [MainThread]: Sending event: {'category': 'dbt', 'action': 'invocation', 'label': 'end', 'context': [<snowplow_tracker.self_describing_json.SelfDescribingJson object at 0x000002A0AFC1A8B0>, <snowplow_tracker.self_describing_json.SelfDescribingJson object at 0x000002A0AFC59B50>, <snowplow_tracker.self_describing_json.SelfDescribingJson object at 0x000002A0AFBDA7A0>]}
[0m14:49:04.570228 [debug] [MainThread]: Flushing usage events
[0m14:49:06.008047 [debug] [MainThread]: An error was encountered while trying to flush usage events
